Log started: data\runs\run-20260518-2123.log
====================================================================================================
  SELECT AN OPTION:   
====================================================================================================
  1. Run Scraper
  2. Get Job Descriptions
  3. Filter
  4. All
  5. Exit
====================================================================================================
====================================================================================================
SELECTED OPTION: 3
Chose Filter
====================================================================================================
Most recent file name: jd-20260518-1753.json
Most recent file time: 1779123208939241200
====================================================================================================
JOB DESCRIPTIONS READ....
MATCHED: 295
UNMATCHED: 1296
====================================================================================================
EXPORT...
====================================================================================================
Most recent file name: jobs-20260518-1457.json
Most recent file time: 1779112651142605500
====================================================================================================
Exported to filters
