Log started: data\runs\run-20260519-2025.log
====================================================================================================
  SELECT AN OPTION:   
====================================================================================================
  1. Run Scraper
  2. Get Job Descriptions
  3. Get Job Criteria
  4. Filter
  5. All
  6. Exit
====================================================================================================
====================================================================================================
SELECTED OPTION: 3
Chose Get Job Criteria
====================================================================================================
Most recent file name: jobs-20260518-1457.json
Most recent file time: 1779112651142605500
====================================================================================================
READING JSON FILE TO DICTIONARY...
====================================================================================================
GETTING JOB CRITERIA...
TOTAL POTENTIAL JOB CRITERIA: 1591
====================================================================================================
JOB CRITERIA NOT FOUND FOR URL 1: https://www.jobs.ac.uk/job/DRI650/senior-lecturer-lecturer-assistant-lecturer-in-physiology
JOB CRITERIA NOT FOUND FOR URL 6: https://www.jobs.ac.uk/job/DRP128/lecturer
JOB CRITERIA NOT FOUND FOR URL 22: https://www.jobs.ac.uk/job/DRI225/lecturer-or-senior-lecturer-developmental-psychology
Log started: data\runs\run-20260519-2025.log
====================================================================================================
  SELECT AN OPTION:   
====================================================================================================
  1. Run Scraper
  2. Get Job Descriptions
  3. Get Job Criteria
  4. Filter
  5. All
  6. Exit
====================================================================================================
====================================================================================================
SELECTED OPTION: 3
Chose Get Job Criteria
====================================================================================================
Most recent file name: jobs-20260518-1457.json
Most recent file time: 1779112651142605500
====================================================================================================
READING JSON FILE TO DICTIONARY...
====================================================================================================
GETTING JOB CRITERIA...
TOTAL POTENTIAL JOB CRITERIA: 1591
====================================================================================================
JOB CRITERIA NOT FOUND FOR URL 6: https://www.jobs.ac.uk/job/DRP128/lecturer
JOB CRITERIA NOT FOUND FOR URL 46: https://www.jobs.ac.uk/job/DRI059/lecturer-in-mathematics
JOB CRITERIA NOT FOUND FOR URL 82: https://www.jobs.ac.uk/job/DRD096/lecturer-computer-science
JOB CRITERIA NOT FOUND FOR URL 127: https://www.jobs.ac.uk/job/DRJ800/language-lecturer-in-chinese
