Log started: data\runs\run-20260519-2028.log
====================================================================================================
  SELECT AN OPTION:   
====================================================================================================
  1. Run Scraper
  2. Get Job Descriptions
  3. Get Job Criteria
  4. Filter
  5. All
  6. Exit
====================================================================================================
====================================================================================================
SELECTED OPTION: 3
Chose Get Job Criteria
====================================================================================================
Most recent file name: jobs-20260518-1457.json
Most recent file time: 1779112651142605500
====================================================================================================
READING JSON FILE TO DICTIONARY...
====================================================================================================
GETTING JOB CRITERIA...
TOTAL POTENTIAL JOB CRITERIA: 1591
====================================================================================================
JOB CRITERIA NOT FOUND FOR URL 1: https://www.jobs.ac.uk/job/DRI650/senior-lecturer-lecturer-assistant-lecturer-in-physiology
JOB CRITERIA NOT FOUND FOR URL 8: https://www.jobs.ac.uk/job/DRF775/lecturer-senior-lecturer-of-business
JOB CRITERIA NOT FOUND FOR URL 9: https://www.jobs.ac.uk/job/DRH463/lecturer-senior-lecturer-in-law
JOB CRITERIA NOT FOUND FOR URL 13: https://www.jobs.ac.uk/job/DRM936/senior-lecturer-lecturer-mathematics
JOB CRITERIA NOT FOUND FOR URL 18: https://www.jobs.ac.uk/job/DRF771/lecturer-senior-lecturer-of-art-and-design
JOB CRITERIA NOT FOUND FOR URL 19: https://www.jobs.ac.uk/job/DRF777/lecturer-senior-lecturer-of-computer-science
JOB CRITERIA NOT FOUND FOR URL 20: https://www.jobs.ac.uk/job/DRL802/lecturer-senior-lecturer-occupational-therapy
JOB CRITERIA NOT FOUND FOR URL 42: https://www.jobs.ac.uk/job/DRH334/lecturer-in-marketing
JOB CRITERIA NOT FOUND FOR URL 46: https://www.jobs.ac.uk/job/DRI059/lecturer-in-mathematics
